2023-03-04 10:56:23,357 INFO Bot: Currency_Converter_Bot [@ExchangeConverter_Bot]
2023-03-04 10:56:23,449 WARNING Updates were skipped successfully.
2023-03-04 10:56:23,450 INFO Start polling.
2023-03-04 10:56:30,056 INFO Пользователь Никита Овчинников активировал бота
2023-03-04 10:56:30,138 INFO Бот отправил пользователю Никита Овчинников приветственное сообщение
2023-03-04 10:56:30,153 INFO Подключение к БД произошло успешно
2023-03-04 10:56:30,297 INFO Создана таблица users
2023-03-04 10:56:30,401 INFO Пользователь Никита Овчинников успешно внесён в БД
2023-03-04 10:56:30,522 INFO Создана таблица requests
2023-03-04 10:56:44,441 INFO Пользователь Никита Овчинников активировал команду /currencies
2023-03-04 10:56:44,632 INFO Бот отправил ответ пользователю Никита Овчинников
2023-03-04 10:56:54,400 INFO Пользователь Никита Овчинников ввёл сообщение рубль тенге 1
2023-03-04 10:56:54,909 INFO Пользователь Никита Овчинников получил ответ: 5.532
2023-03-04 10:56:54,988 INFO Результат внесён в БД
2023-03-04 10:57:12,161 INFO Пользователь Никита Овчинников ввёл сообщение доллар рубль 1
2023-03-04 10:57:12,631 INFO Пользователь Никита Овчинников получил ответ: 77.14
2023-03-04 10:57:12,711 INFO Результат внесён в БД
2023-03-04 10:57:17,023 INFO Пользователь Никита Овчинников ввёл сообщение евро рубль 1
2023-03-04 10:57:17,547 INFO Пользователь Никита Овчинников получил ответ: 81.31
2023-03-04 10:57:17,625 INFO Результат внесён в БД
